[debug] [2024-11-21T18:31:45.476Z] ----------------------------------------------------------------------
[debug] [2024-11-21T18:31:45.481Z] Command:       C:\Program Files\nodejs\node.exe C:\Users\forha\AppData\Roaming\npm\node_modules\firebase-tools\lib\bin\firebase.js init
[debug] [2024-11-21T18:31:45.482Z] CLI Version:   13.26.0
[debug] [2024-11-21T18:31:45.482Z] Platform:      win32
[debug] [2024-11-21T18:31:45.482Z] Node Version:  v20.15.0
[debug] [2024-11-21T18:31:45.482Z] Time:          Fri Nov 22 2024 00:31:45 GMT+0600 (Bangladesh Standard Time)
[debug] [2024-11-21T18:31:45.483Z] ----------------------------------------------------------------------
[debug] 
[debug] [2024-11-21T18:31:45.492Z] > command requires scopes: ["email","openid","https://www.googleapis.com/auth/cloudplatformprojects.readonly","https://www.googleapis.com/auth/firebase","https://www.googleapis.com/auth/cloud-platform"]
[debug] [2024-11-21T18:31:45.492Z] > authorizing via signed-in user (smbappy305@gmail.com)
[info] 
     ######## #### ########  ######## ########     ###     ######  ########
     ##        ##  ##     ## ##       ##     ##  ##   ##  ##       ##
     ######    ##  ########  ######   ########  #########  ######  ######
     ##        ##  ##    ##  ##       ##     ## ##     ##       ## ##
     ##       #### ##     ## ######## ########  ##     ##  ######  ########

You're about to initialize a Firebase project in this directory:

  C:\problem\Winter-Cloth-Donate

Before we get started, keep in mind:

  * You are currently outside your home directory

[info] 
=== Project Setup
[info] 
[info] First, let's associate this project directory with a Firebase project.
[info] You can create multiple project aliases by running firebase use --add, 
[info] but for now we'll just set up a default project.
[info] 
[debug] [2024-11-21T18:32:41.684Z] Checked if tokens are valid: true, expires at: 1732216582004
[debug] [2024-11-21T18:32:41.688Z] Checked if tokens are valid: true, expires at: 1732216582004
[debug] [2024-11-21T18:32:41.694Z] >>> [apiv2][query] GET https://firebase.googleapis.com/v1beta1/projects pageSize=100
[debug] [2024-11-21T18:32:42.767Z] <<< [apiv2][status] GET https://firebase.googleapis.com/v1beta1/projects 200
[debug] [2024-11-21T18:32:42.767Z] <<< [apiv2][body] GET https://firebase.googleapis.com/v1beta1/projects [omitted]
[debug] [2024-11-21T18:38:31.007Z] ----------------------------------------------------------------------
[debug] [2024-11-21T18:38:31.010Z] Command:       C:\Program Files\nodejs\node.exe C:\Users\forha\AppData\Roaming\npm\node_modules\firebase-tools\lib\bin\firebase.js init
[debug] [2024-11-21T18:38:31.011Z] CLI Version:   13.26.0
[debug] [2024-11-21T18:38:31.011Z] Platform:      win32
[debug] [2024-11-21T18:38:31.011Z] Node Version:  v20.15.0
[debug] [2024-11-21T18:38:31.011Z] Time:          Fri Nov 22 2024 00:38:31 GMT+0600 (Bangladesh Standard Time)
[debug] [2024-11-21T18:38:31.011Z] ----------------------------------------------------------------------
[debug] 
[debug] [2024-11-21T18:38:31.017Z] > command requires scopes: ["email","openid","https://www.googleapis.com/auth/cloudplatformprojects.readonly","https://www.googleapis.com/auth/firebase","https://www.googleapis.com/auth/cloud-platform"]
[debug] [2024-11-21T18:38:31.018Z] > authorizing via signed-in user (smbappy305@gmail.com)
[info] 
     ######## #### ########  ######## ########     ###     ######  ########
     ##        ##  ##     ## ##       ##     ##  ##   ##  ##       ##
     ######    ##  ########  ######   ########  #########  ######  ######
     ##        ##  ##    ##  ##       ##     ## ##     ##       ## ##
     ##       #### ##     ## ######## ########  ##     ##  ######  ########

You're about to initialize a Firebase project in this directory:

  C:\problem\Winter-Cloth-Donate

Before we get started, keep in mind:

  * You are currently outside your home directory

[info] 
=== Project Setup
[info] 
[info] First, let's associate this project directory with a Firebase project.
[info] You can create multiple project aliases by running firebase use --add, 
[info] but for now we'll just set up a default project.
[info] 
[debug] [2024-11-21T18:38:57.373Z] Checked if tokens are valid: true, expires at: 1732216582004
[debug] [2024-11-21T18:38:57.374Z] Checked if tokens are valid: true, expires at: 1732216582004
[debug] [2024-11-21T18:38:57.379Z] >>> [apiv2][query] GET https://firebase.googleapis.com/v1beta1/projects pageSize=100
[debug] [2024-11-21T18:38:58.366Z] <<< [apiv2][status] GET https://firebase.googleapis.com/v1beta1/projects 200
[debug] [2024-11-21T18:38:58.367Z] <<< [apiv2][body] GET https://firebase.googleapis.com/v1beta1/projects [omitted]
[info] i  Using project winter-cloth-donate-3faae (winter-cloth-donate) 
[info] 
=== Hosting Setup
[debug] [2024-11-21T18:39:04.583Z] Checked if tokens are valid: true, expires at: 1732216582004
[debug] [2024-11-21T18:39:04.584Z] Checked if tokens are valid: true, expires at: 1732216582004
[debug] [2024-11-21T18:39:04.585Z] >>> [apiv2][query] GET https://firebase.googleapis.com/v1beta1/projects/winter-cloth-donate-3faae [none]
[debug] [2024-11-21T18:39:05.087Z] <<< [apiv2][status] GET https://firebase.googleapis.com/v1beta1/projects/winter-cloth-donate-3faae 200
[debug] [2024-11-21T18:39:05.088Z] <<< [apiv2][body] GET https://firebase.googleapis.com/v1beta1/projects/winter-cloth-donate-3faae {"projectId":"winter-cloth-donate-3faae","projectNumber":"449744711165","displayName":"winter-cloth-donate","name":"projects/winter-cloth-donate-3faae","resources":{"hostingSite":"winter-cloth-donate-3faae"},"state":"ACTIVE","etag":"1_89f6078d-f7bd-4063-9887-633792f9cabc"}
[info] 
[info] Your public directory is the folder (relative to your project directory) that
[info] will contain Hosting assets to be uploaded with firebase deploy. If you
[info] have a build process for your assets, use your build's output directory.
[info] 
[debug] [2024-11-21T18:41:59.001Z] >>> [apiv2][query] GET https://www.gstatic.com/firebasejs/releases.json [none]
[debug] [2024-11-21T18:41:59.174Z] <<< [apiv2][status] GET https://www.gstatic.com/firebasejs/releases.json 200
[debug] [2024-11-21T18:41:59.175Z] <<< [apiv2][body] GET https://www.gstatic.com/firebasejs/releases.json {"current":{"version":"11.0.2","browserURL":"https://www.gstatic.com/firebasejs/11.0.2/firebase.js","packageURL":"https://www.gstatic.com/firebasejs/11.0.2/firebase.tgz"},"live":{"version":"11.0","browserURL":"https://www.gstatic.com/firebasejs/live/11.0/firebase.js","packageURL":"https://www.gstatic.com/firebasejs/live/11.0/firebase.tgz"},"components":{"analytics":"https://www.gstatic.com/firebasejs/11.0.2/firebase-analytics.js","app":"https://www.gstatic.com/firebasejs/11.0.2/firebase-app.js","app-check":"https://www.gstatic.com/firebasejs/11.0.2/firebase-app-check.js","auth":"https://www.gstatic.com/firebasejs/11.0.2/firebase-auth.js","auth/cordova":"https://www.gstatic.com/firebasejs/11.0.2/firebase-auth/cordova.js","auth/web-extension":"https://www.gstatic.com/firebasejs/11.0.2/firebase-auth/web-extension.js","functions":"https://www.gstatic.com/firebasejs/11.0.2/firebase-functions.js","firestore":"https://www.gstatic.com/firebasejs/11.0.2/firebase-firestore.js","firestore/lite":"https://www.gstatic.com/firebasejs/11.0.2/firebase-firestore/lite.js","installations":"https://www.gstatic.com/firebasejs/11.0.2/firebase-installations.js","storage":"https://www.gstatic.com/firebasejs/11.0.2/firebase-storage.js","performance":"https://www.gstatic.com/firebasejs/11.0.2/firebase-performance.js","remote-config":"https://www.gstatic.com/firebasejs/11.0.2/firebase-remote-config.js","messaging":"https://www.gstatic.com/firebasejs/11.0.2/firebase-messaging.js","messaging/sw":"https://www.gstatic.com/firebasejs/11.0.2/firebase-messaging/sw.js","database":"https://www.gstatic.com/firebasejs/11.0.2/firebase-database.js","vertexai":"https://www.gstatic.com/firebasejs/11.0.2/firebase-vertexai.js","data-connect":"https://www.gstatic.com/firebasejs/11.0.2/firebase-data-connect.js","firestore.memory":"https://www.gstatic.com/firebasejs/11.0.2/firebase-firestore.memory.js"}}
[info] +  Wrote yes/index.html 
[info] 
[info] i  Didn't detect a .git folder. Assuming C:\problem\Winter-Cloth-Donate is the project root. 
[info] i  Authorizing with GitHub to upload your service account to a GitHub repository's secrets store. 
[info] 
[info] Visit this URL on this device to log in:
[info] https://github.com/login/oauth/authorize?client_id=89cf50f02ac6aaed3484&state=462302673&redirect_uri=http%3A%2F%2Flocalhost%3A9005&scope=read%3Auser%20repo%20public_repo
[info] 
[info] Waiting for authentication...
[debug] [2024-11-21T18:43:21.849Z] >>> [apiv2][query] POST https://github.com/login/oauth/access_token [none]
[debug] [2024-11-21T18:43:21.849Z] >>> [apiv2][body] POST https://github.com/login/oauth/access_token [stream]
[debug] [2024-11-21T18:43:22.342Z] <<< [apiv2][status] POST https://github.com/login/oauth/access_token 200
[debug] [2024-11-21T18:43:22.343Z] <<< [apiv2][body] POST https://github.com/login/oauth/access_token {"access_token":"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","token_type":"bearer","scope":"read:user,repo"}
[debug] [2024-11-21T18:43:22.350Z] >>> [apiv2][query] GET https://api.github.com/user [none]
[debug] [2024-11-21T18:43:22.843Z] <<< [apiv2][status] GET https://api.github.com/user 200
[debug] [2024-11-21T18:43:22.843Z] <<< [apiv2][body] GET https://api.github.com/user {"login":"jhorna1535","id":151662245,"node_id":"U_kgDOCQoupQ","avatar_url":"https://avatars.githubusercontent.com/u/151662245?v=4","gravatar_id":"","url":"https://api.github.com/users/jhorna1535","html_url":"https://github.com/jhorna1535","followers_url":"https://api.github.com/users/jhorna1535/followers","following_url":"https://api.github.com/users/jhorna1535/following{/other_user}","gists_url":"https://api.github.com/users/jhorna1535/gists{/gist_id}","starred_url":"https://api.github.com/users/jhorna1535/starred{/owner}{/repo}","subscriptions_url":"https://api.github.com/users/jhorna1535/subscriptions","organizations_url":"https://api.github.com/users/jhorna1535/orgs","repos_url":"https://api.github.com/users/jhorna1535/repos","events_url":"https://api.github.com/users/jhorna1535/events{/privacy}","received_events_url":"https://api.github.com/users/jhorna1535/received_events","type":"User","user_view_type":"private","site_admin":false,"name":null,"company":null,"blog":"","location":null,"email":null,"hireable":null,"bio":null,"twitter_username":null,"notification_email":null,"public_repos":17,"public_gists":0,"followers":1,"following":0,"created_at":"2023-11-21T16:38:05Z","updated_at":"2024-10-05T09:56:27Z","private_gists":0,"total_private_repos":2,"owned_private_repos":2,"disk_usage":70825,"collaborators":0,"two_factor_authentication":false,"plan":{"name":"free","space":976562499,"collaborators":0,"private_repos":10000}}
[info] 
[info] +  Success! Logged into GitHub as jhorna1535 
[info] 
